"../../../Engine/Content/Functions/Engine_MaterialFunctions01/Opacity/CameraDepthFade.uasset" 0
"../../../Engine/Content/EngineMaterials/T_Default_Material_Grid_M.uasset" 1
"../../../Engine/Content/EngineMaterials/T_Default_Material_Grid_N.uasset" 2
"../../../Engine/Content/EngineMaterials/WorldGridMaterial.uasset" 3
"../../../Engine/Content/ArtTools/RenderToTexture/Meshes/S_1_Unit_Plane.uasset" 4
"../../../Engine/Content/EngineMaterials/DefaultMaterial.uasset" 5
"../../../Engine/Content/BasicShapes/Cone.uasset" 6
"../../../Engine/Content/BasicShapes/Cube.uasset" 7
"../../../Engine/Content/BasicShapes/Cylinder.uasset" 8
"../../../Engine/Content/BasicShapes/Plane.uasset" 9
"../../../Engine/Content/BasicShapes/Sphere.uasset" 10
"../../../Engine/Content/EngineMaterials/DefaultPhysicalMaterial.uasset" 11
"../../../Engine/Content/BufferVisualization/AmbientOcclusion.uasset" 12
"../../../Engine/Content/BufferVisualization/BaseColor.uasset" 13
"../../../Engine/Content/BufferVisualization/CustomDepth.uasset" 14
"../../../Engine/Content/Functions/Engine_MaterialFunctions02/Utility/VectorLength.uasset" 15
"../../../Engine/Content/BufferVisualization/CustomDepthWorldUnits.uasset" 16
"../../../Engine/Content/Functions/Engine_MaterialFunctions02/Utility/BreakOutFloat2Components.uasset" 17
"../../../Engine/Content/Functions/Engine_MaterialFunctions01/Texturing/ScaleUVsByCenter.uasset" 18
"../../../Engine/Content/Functions/Engine_MaterialFunctions02/ScreenResolution.uasset" 19
"../../../Engine/Content/Functions/Engine_MaterialFunctions02/Texturing/ScreenAlignedUVs.uasset" 20
"../../../Engine/Content/Functions/Engine_MaterialFunctions02/Utility/MakeFloat2.uasset" 21
"../../../Engine/Content/Functions/Engine_MaterialFunctions02/Utility/MakeFloat3.uasset" 22
"../../../Engine/Content/EngineMaterials/MiniFont.uasset" 23
"../../../Engine/Content/BufferVisualization/CustomStencil.uasset" 24
"../../../Engine/Content/BufferVisualization/FinalImage.uasset" 25
"../../../Engine/Content/BufferVisualization/LightingModel.uasset" 26
"../../../Engine/Content/BufferVisualization/MaterialAO.uasset" 27
"../../../Engine/Content/BufferVisualization/Metallic.uasset" 28
"../../../Engine/Content/BufferVisualization/Opacity.uasset" 29
"../../../Engine/Content/BufferVisualization/PostTonemapHDRColor.uasset" 30
"../../../Engine/Content/BufferVisualization/PreTonemapHDRColor.uasset" 31
"../../../Engine/Content/BufferVisualization/Roughness.uasset" 32
"../../../Engine/Content/BufferVisualization/SceneColor.uasset" 33
"../../../Engine/Content/BufferVisualization/SceneDepth.uasset" 34
"../../../Engine/Content/BufferVisualization/SceneDepthWorldUnits.uasset" 35
"../../../Engine/Content/BufferVisualization/SeparateTranslucencyA.uasset" 36
"../../../Engine/Content/BufferVisualization/SeparateTranslucencyRGB.uasset" 37
"../../../Engine/Content/BufferVisualization/Specular.uasset" 38
"../../../Engine/Content/BufferVisualization/SubsurfaceColor.uasset" 39
"../../../Engine/Content/BufferVisualization/WorldNormal.uasset" 40
"../../../Engine/Content/EditorLandscapeResources/DataLayer.uasset" 41
"../../../Engine/Content/EditorLandscapeResources/DefaultAlphaTexture.uasset" 42
"../../../Engine/Content/EditorLandscapeResources/LandscapeGizmoHeight_Mat.uasset" 43
"../../../Engine/Content/EditorLandscapeResources/LandscapeGizmo_Mat.uasset" 44
"../../../Engine/Content/EditorLandscapeResources/LandscapeGizmo_Mat_Copied.uasset" 45
"../../../Engine/Content/EditorLandscapeResources/SplineEditorMeshMat.uasset" 46
"../../../Engine/Content/EditorLandscapeResources/SplineEditorMesh.uasset" 47
"../../../Engine/Content/EditorMaterials/Cross.uasset" 48
"../../../Engine/Content/EditorMaterials/Cross_Mat.uasset" 49
"../../../Engine/Content/EditorMaterials/GizmoMaterial.uasset" 50
"../../../Engine/Content/Functions/Engine_MaterialFunctions02/ExampleContent/Textures/flipbook.uasset" 51
"../../../Engine/Content/Functions/Engine_MaterialFunctions02/Texturing/FlipBook.uasset" 52
"../../../Engine/Content/Functions/Engine_MaterialFunctions02/Utility/Sign.uasset" 53
"../../../Engine/Content/Functions/Engine_MaterialFunctions02/Utility/Round.uasset" 54
"../../../Engine/Content/EditorResources/T_EditorHelp.uasset" 55
"../../../Engine/Content/EditorMaterials/HelpActorMaterial.uasset" 56
"../../../Engine/Content/EditorMaterials/CompositeARGBLayer.uasset" 57
"../../../Engine/Content/EditorMaterials/TilingAALineIntegral.uasset" 58
"../../../Engine/Content/EditorMaterials/TilingAALineBoxFiltered.uasset" 59
"../../../Engine/Content/Functions/Engine_MaterialFunctions03/Procedurals/ComputeFilterWidth.uasset" 60
"../../../Engine/Content/EditorMaterials/TilingAADots.uasset" 61
"../../../Engine/Content/EngineMaterials/BlendFunc_DefBase.uasset" 62
"../../../Engine/Content/EngineMaterials/BlendFunc_DefBlend.uasset" 63
"../../../Engine/Content/Functions/Engine_MaterialFunctions03/Blends/Blend_Screen.uasset" 64
"../../../Engine/Content/EditorMaterials/TilingAAGrid.uasset" 65
"../../../Engine/Content/EditorMaterials/LevelGridMaterial.uasset" 66
"../../../Engine/Content/EditorMaterials/MakeCompositeARGBLayer.uasset" 67
"../../../Engine/Content/EditorResources/LevelGrid1DStripes.uasset" 68
"../../../Engine/Content/EditorMaterials/TextureGridCascaded1D.uasset" 69
"../../../Engine/Content/EditorMaterials/TextureGridCascaded2D.uasset" 70
"../../../Engine/Content/EditorMaterials/LevelGridMaterial2.uasset" 71
"../../../Engine/Content/EditorMaterials/MAT_Groups_Toggle.uasset" 72
"../../../Engine/Content/EditorMaterials/MAT_Groups_Visibility.uasset" 73
"../../../Engine/Content/EditorMaterials/PhAT_BoneSelectedMaterial.uasset" 74
"../../../Engine/Content/EditorMaterials/PhAT_ElemSelectedMaterial.uasset" 75
"../../../Engine/Content/EditorMaterials/PhAT_NoCollisionMaterial.uasset" 76
"../../../Engine/Content/EditorMaterials/PhAT_UnselectedMaterial.uasset" 77
"../../../Engine/Content/EditorMaterials/PreviewShadowIndicator.uasset" 78
"../../../Engine/Content/EditorMaterials/PreviewShadowIndicatorMaterial.uasset" 79
"../../../Engine/Content/EditorMaterials/TargetIcon.uasset" 80
"../../../Engine/Content/EditorMaterials/Tick.uasset" 81
"../../../Engine/Content/EditorMaterials/Tick_Mat.uasset" 82
"../../../Engine/Content/EditorMaterials/WidgetGridVertexColorMaterial.uasset" 83
"../../../Engine/Content/EditorMaterials/WidgetGridVertexColorMaterial_Ma.uasset" 84
"../../../Engine/Content/EditorMaterials/WidgetMaterial.uasset" 85
"../../../Engine/Content/EditorMaterials/WidgetMaterial_Current.uasset" 86
"../../../Engine/Content/EditorMaterials/WidgetMaterial_X.uasset" 87
"../../../Engine/Content/EditorMaterials/WidgetMaterial_Y.uasset" 88
"../../../Engine/Content/EditorMaterials/WidgetMaterial_Z.uasset" 89
"../../../Engine/Content/EditorMaterials/WidgetVertexColorMaterial.uasset" 90
"../../../Engine/Content/EditorMaterials/MatineeGroups/MAT_ColorTrack.uasset" 91
"../../../Engine/Content/EditorMaterials/MatineeGroups/MAT_Groups_Anim.uasset" 92
"../../../Engine/Content/EditorMaterials/MatineeGroups/MAT_Groups_AudioMaster.uasset" 93
"../../../Engine/Content/EditorMaterials/MatineeGroups/MAT_Groups_Director.uasset" 94
"../../../Engine/Content/EditorMaterials/MatineeGroups/MAT_Groups_Event.uasset" 95
"../../../Engine/Content/EditorMaterials/MatineeGroups/MAT_Groups_Fade.uasset" 96
"../../../Engine/Content/EditorMaterials/MatineeGroups/MAT_Groups_Float.uasset" 97
"../../../Engine/Content/EditorMaterials/MatineeGroups/MAT_Groups_Move.uasset" 98
"../../../Engine/Content/EditorMaterials/MatineeGroups/MAT_Groups_Slomo.uasset" 99
"../../../Engine/Content/EditorMaterials/MatineeGroups/MAT_Groups_Sound.uasset" 100
"../../../Engine/Content/EditorMaterials/MatineeGroups/MAT_Groups_Vector.uasset" 101
"../../../Engine/Content/EditorMaterials/ParticleSystems/PSysThumbnail_NoImage.uasset" 102
"../../../Engine/Content/EditorMaterials/ParticleSystems/PSysThumbnail_OOD.uasset" 103
"../../../Engine/Content/EngineMaterials/Grid.uasset" 104
"../../../Engine/Content/EditorMaterials/Thumbnails/FloorPlaneMaterial.uasset" 105
"../../../Engine/Content/EditorMeshes/EditorCube.uasset" 106
"../../../Engine/Content/EditorMeshes/EditorCylinder.uasset" 107
"../../../Engine/Content/EditorMeshes/EditorPlane.uasset" 108
"../../../Engine/Content/EditorMaterials/Thumbnails/SkySphereMaterial.uasset" 109
"../../../Engine/Content/EditorMeshes/EditorSkySphere.uasset" 110
"../../../Engine/Content/EditorMeshes/EditorSphere.uasset" 111
"../../../Engine/Content/EditorMaterials/Camera/CineMat.uasset" 112
"../../../Engine/Content/EditorMaterials/Camera/MI_CineMat_CameraBody.uasset" 113
"../../../Engine/Content/EngineDebugMaterials/M_SimpleOpaque.uasset" 114
"../../../Engine/Content/EditorMaterials/Camera/MI_CineMat_CamViewFinder.uasset" 115
"../../../Engine/Content/EditorMeshes/Camera/SM_CineCam.uasset" 116
"../../../Engine/Content/EditorMaterials/Camera/MI_CineMat_Rig.uasset" 117
"../../../Engine/Content/EditorMeshes/Camera/SM_CraneRig_Arm.uasset" 118
"../../../Engine/Content/EditorMeshes/Camera/SM_CraneRig_Base.uasset" 119
"../../../Engine/Content/EditorMeshes/Camera/SM_CraneRig_Body.uasset" 120
"../../../Engine/Content/EditorMeshes/Camera/SM_CraneRig_Mount.uasset" 121
"../../../Engine/Content/EditorMeshes/Camera/SM_RailRig_Mount.uasset" 122
"../../../Engine/Content/EditorMeshes/Camera/SM_RailRig_Track.uasset" 123
"../../../Engine/Content/EditorResources/Bad.uasset" 124
"../../../Engine/Content/EditorResources/BSPVertex.uasset" 125
"../../../Engine/Content/EditorResources/EmptyActor.uasset" 126
"../../../Engine/Content/EditorResources/MatInstActSprite.uasset" 127
"../../../Engine/Content/EditorResources/SceneManager.uasset" 128
"../../../Engine/Content/EditorResources/SmallFont.uasset" 129
"../../../Engine/Content/EditorResources/S_Actor.uasset" 130
"../../../Engine/Content/EditorResources/S_DecalActorIcon.uasset" 131
"../../../Engine/Content/EditorResources/S_Emitter.uasset" 132
"../../../Engine/Content/EditorResources/S_ExpoHeightFog.uasset" 133
"../../../Engine/Content/EditorResources/S_FTest.uasset" 134
"../../../Engine/Content/EditorResources/S_KBSJoint.uasset" 135
"../../../Engine/Content/EditorResources/S_KHinge.uasset" 136
"../../../Engine/Content/EditorResources/S_KPrismatic.uasset" 137
"../../../Engine/Content/EditorResources/S_LevelSequence.uasset" 138
"../../../Engine/Content/EditorResources/S_NavP.uasset" 139
"../../../Engine/Content/EditorResources/S_Note.uasset" 140
"../../../Engine/Content/EditorResources/S_Player.uasset" 141
"../../../Engine/Content/EditorResources/S_PortalActorIcon2.uasset" 142
"../../../Engine/Content/EditorResources/S_RadForce.uasset" 143
"../../../Engine/Content/EditorResources/S_ReflActorIcon.uasset" 144
"../../../Engine/Content/EditorResources/S_Terrain.uasset" 145
"../../../Engine/Content/EditorResources/S_TextRenderActorIcon.uasset" 146
"../../../Engine/Content/EditorResources/S_Thruster.uasset" 147
"../../../Engine/Content/EditorResources/S_Trigger.uasset" 148
"../../../Engine/Content/EditorResources/S_VectorFieldVol.uasset" 149
"../../../Engine/Content/EditorResources/S_WindDirectional.uasset" 150
"../../../Engine/Content/EditorResources/AI/S_NavLink.uasset" 151
"../../../Engine/Content/EditorResources/LightIcons/SkyLight.uasset" 152
"../../../Engine/Content/EditorResources/LightIcons/S_LightDirectional.uasset" 153
"../../../Engine/Content/EditorResources/LightIcons/S_LightDirectionalMove.uasset" 154
"../../../Engine/Content/EditorResources/LightIcons/S_LightError.uasset" 155
"../../../Engine/Content/EditorResources/LightIcons/S_LightPoint.uasset" 156
"../../../Engine/Content/EditorResources/LightIcons/S_LightPointMove.uasset" 157
"../../../Engine/Content/EditorResources/LightIcons/S_LightSpot.uasset" 158
"../../../Engine/Content/EditorResources/LightIcons/S_LightSpotMove.uasset" 159
"../../../Engine/Content/EditorResources/SequenceRecorder/Countdown.uasset" 160
"../../../Engine/Content/EditorResources/SequenceRecorder/RecordingIndicator.uasset" 161
"../../../Engine/Content/EditorResources/Spline/T_Loft_Spline.uasset" 162
"../../../Engine/Content/EditorSounds/Notifications/CompileSuccess.uasset" 163
"../../../Engine/Content/EditorSounds/Notifications/CompileStart_Cue.uasset" 164
"../../../Engine/Content/EditorSounds/Notifications/CompileSuccess_Cue.uasset" 165
"../../../Engine/Content/EngineDamageTypes/DmgTypeBP_Environmental.uasset" 166
"../../../Engine/Content/EngineDebugMaterials/HeatmapGradient.uasset" 167
"../../../Engine/Content/EngineDebugMaterials/BoneWeightMaterial.uasset" 168
"../../../Engine/Content/EngineDebugMaterials/ClothMaterial.uasset" 169
"../../../Engine/Content/EngineDebugMaterials/ClothMaterial_WF.uasset" 170
"../../../Engine/Content/EngineDebugMaterials/DebugEditorMaterial.uasset" 171
"../../../Engine/Content/EngineDebugMaterials/DebugMeshMaterial.uasset" 172
"../../../Engine/Content/EngineDebugMaterials/GeomMaterial.uasset" 173
"../../../Engine/Content/Functions/Engine_MaterialFunctions01/Shading/ConvertFromDiffSpec.uasset" 174
"../../../Engine/Content/EngineDebugMaterials/LevelColorationLitMaterial.uasset" 175
"../../../Engine/Content/EngineDebugMaterials/LevelColorationUnlitMaterial.uasset" 176
"../../../Engine/Content/EngineMaterials/DefaultWhiteGrid.uasset" 177
"../../../Engine/Content/EngineDebugMaterials/MAT_LevelColorationLitLightmapUV.uasset" 178
"../../../Engine/Content/EngineDebugMaterials/M_SimpleTranslucent.uasset" 179
"../../../Engine/Content/EngineDebugMaterials/ShadedLevelColorationLitMaterial.uasset" 180
"../../../Engine/Content/EngineDebugMaterials/ShadedLevelColorationUnlitMateri.uasset" 181
"../../../Engine/Content/EngineDebugMaterials/VertexColorMaterial.uasset" 182
"../../../Engine/Content/EngineDebugMaterials/VertexColorViewMode_AlphaAsColor.uasset" 183
"../../../Engine/Content/EngineDebugMaterials/VertexColorViewMode_BlueOnly.uasset" 184
"../../../Engine/Content/EngineDebugMaterials/VertexColorViewMode_ColorOnly.uasset" 185
"../../../Engine/Content/EngineDebugMaterials/VertexColorViewMode_GreenOnly.uasset" 186
"../../../Engine/Content/EngineDebugMaterials/VertexColorViewMode_RedOnly.uasset" 187
"../../../Engine/Content/EngineDebugMaterials/WireframeMaterial.uasset" 188
"../../../Engine/Content/EngineFonts/Faces/RobotoBold.uasset" 189
"../../../Engine/Content/EngineFonts/Faces/RobotoBoldItalic.uasset" 190
"../../../Engine/Content/EngineFonts/Faces/RobotoItalic.uasset" 191
"../../../Engine/Content/EngineFonts/Faces/RobotoLight.uasset" 192
"../../../Engine/Content/EngineFonts/Faces/RobotoRegular.uasset" 193
"../../../Engine/Content/EngineFonts/Roboto.uasset" 194
"../../../Engine/Content/EngineFonts/Faces/RobotoTiny.uasset" 195
"../../../Engine/Content/EngineFonts/RobotoTiny.uasset" 196
"../../../Engine/Content/EngineFonts/SmallFont.uasset" 197
"../../../Engine/Content/EngineFonts/TinyFont.uasset" 198
"../../../Engine/Content/EngineMaterials/BaseFlattenDiffuseMap.uasset" 199
"../../../Engine/Content/EngineMaterials/BaseFlattenEmissiveMap.uasset" 200
"../../../Engine/Content/EngineMaterials/BaseFlattenGrayscaleMap.uasset" 201
"../../../Engine/Content/EngineMaterials/BaseFlattenNormalMap.uasset" 202
"../../../Engine/Content/EngineMaterials/BaseFlattenMaterial.uasset" 203
"../../../Engine/Content/EngineResources/WhiteSquareTexture.uasset" 204
"../../../Engine/Content/EngineMaterials/BlinkingCaret.uasset" 205
"../../../Engine/Content/EngineMaterials/DefaultBloomKernel.uasset" 206
"../../../Engine/Content/EngineMaterials/DefaultBokeh.uasset" 207
"../../../Engine/Content/EngineMaterials/DefaultDiffuse.uasset" 208
"../../../Engine/Content/EngineMaterials/DefaultDeferredDecalMaterial.uasset" 209
"../../../Engine/Content/EngineMaterials/DefaultLightFunctionMaterial.uasset" 210
"../../../Engine/Content/EngineMaterials/DefaultNormal.uasset" 211
"../../../Engine/Content/EngineMaterials/DefaultPostProcessMaterial.uasset" 212
"../../../Engine/Content/EngineFonts/RobotoDistanceField.uasset" 213
"../../../Engine/Content/EngineMaterials/DefaultTextMaterialOpaque.uasset" 214
"../../../Engine/Content/EngineMaterials/EditorBrushMaterial.uasset" 215
"../../../Engine/Content/EngineMaterials/Good64x64TilingNoiseHighFreq.uasset" 216
"../../../Engine/Content/EngineMaterials/Grid_N.uasset" 217
"../../../Engine/Content/EngineMaterials/HighResolutionScreenshotMaskFunction.uasset" 218
"../../../Engine/Content/EngineMaterials/HighResScreenshot.uasset" 219
"../../../Engine/Content/EngineMaterials/HighResScreenshotCaptureRegion.uasset" 220
"../../../Engine/Content/EngineMaterials/HighResScreenshotMask.uasset" 221
"../../../Engine/Content/EngineMaterials/LandscapeHolePhysicalMaterial.uasset" 222
"../../../Engine/Content/EngineMaterials/InvalidLightmapSettings.uasset" 223
"../../../Engine/Content/EngineMaterials/M_InvalidLightmapSettings.uasset" 224
"../../../Engine/Content/EngineMaterials/PaperDiffuse.uasset" 225
"../../../Engine/Content/EngineMaterials/PaperNormal.uasset" 226
"../../../Engine/Content/Functions/Engine_MaterialFunctions02/WorldPositionOffset/CameraOffset.uasset" 227
"../../../Engine/Content/EngineMaterials/PhAT_JointLimitMaterial.uasset" 228
"../../../Engine/Content/EngineMaterials/PhysMat_Rubber.uasset" 229
"../../../Engine/Content/EngineMaterials/PreintegratedSkinBRDF.uasset" 230
"../../../Engine/Content/EngineMaterials/RemoveSurfaceMaterial.uasset" 231
"../../../Engine/Content/EngineMaterials/WeightMapPlaceholderTexture.uasset" 232
"../../../Engine/Content/EngineMaterials/Widget3DPassThrough.uasset" 233
"../../../Engine/Content/EngineMaterials/Widget3DPassThrough_Masked.uasset" 234
"../../../Engine/Content/EngineMaterials/Widget3DPassThrough_Opaque.uasset" 235
"../../../Engine/Content/EngineMaterials/Widget3DPassThrough_Masked_OneSided.uasset" 236
"../../../Engine/Content/EngineMaterials/Widget3DPassThrough_Opaque_OneSided.uasset" 237
"../../../Engine/Content/EngineMaterials/Widget3DPassThrough_Translucent.uasset" 238
"../../../Engine/Content/EngineMaterials/Widget3DPassThrough_Translucent_OneSided.uasset" 239
"../../../Engine/Content/EngineMeshes/Cylinder.uasset" 240
"../../../Engine/Content/EngineMeshes/Sphere.uasset" 241
"../../../Engine/Content/EngineResources/Black.uasset" 242
"../../../Engine/Content/EngineResources/DefaultTexture.uasset" 243
"../../../Engine/Content/EngineResources/DefaultTextureCube.uasset" 244
"../../../Engine/Content/EngineResources/DefaultVolumeTexture2D.uasset" 245
"../../../Engine/Content/EngineResources/DefaultVolumeTexture.uasset" 246
"../../../Engine/Content/EngineResources/GradientTexture0.uasset" 247
"../../../Engine/Content/EngineResources/StreamingPauseIcon.uasset" 248
"../../../Engine/Content/EngineResources/M_StreamingPause.uasset" 249
"../../../Engine/Content/EngineSounds/Master.uasset" 250
"../../../Engine/Content/Functions/Engine_MaterialFunctions01/Shading/PowerToRoughness.uasset" 251
"../../../Engine/Content/Maps/Templates/Thumbnails/Default.uasset" 252
"../../../Engine/Content/Maps/Templates/Thumbnails/VR-Basic.uasset" 253
"../../../Engine/Content/MapTemplates/Sky/DaylightAmbientCubemap.uasset" 254
"../../../Engine/Content/MobileResources/T_MobileControls_texture.uasset" 255
"../../../Engine/Content/MobileResources/T_MobileMenu2.uasset" 256
"../../../Engine/Content/MobileResources/HUD/AnalogHat.uasset" 257
"../../../Engine/Content/MobileResources/HUD/VirtualJoystick_Background.uasset" 258
"../../../Engine/Content/MobileResources/HUD/VirtualJoystick_Thumb.uasset" 259
"../../../Engine/Content/MobileResources/HUD/DefaultVirtualJoysticks.uasset" 260
"../../../Engine/Content/MobileResources/HUD/LeftVirtualJoystickOnly.uasset" 261
"../../../Engine/Content/MobileResources/HUD/MobileHUDButton1_off.uasset" 262
"../../../Engine/Content/MobileResources/HUD/MobileHUDButton1_on.uasset" 263
"../../../Engine/Content/MobileResources/HUD/MobileHUDButton2_off.uasset" 264
"../../../Engine/Content/MobileResources/HUD/MobileHUDButton2_on.uasset" 265
"../../../Engine/Content/MobileResources/HUD/MobileHUDButton3.uasset" 266
"../../../Engine/Content/MobileResources/HUD/MobileHUDButtonFire.uasset" 267
"../../../Engine/Content/MobileResources/HUD/MobileHUDDirectionPad.uasset" 268
"../../../Engine/Content/MobileResources/HUD/MobileHUDDirectionPad2.uasset" 269
"../../../Engine/Content/MobileResources/HUD/MobileHUDDirectionPad3.uasset" 270
"../../../Engine/Content/MobileResources/HUD/MobileHUDDirectionStick.uasset" 271
"../../../Engine/Content/MobileResources/HUD/T_Castle_ThumbstickInner.uasset" 272
"../../../Engine/Content/MobileResources/HUD/T_Castle_ThumbstickOutter.uasset" 273
"../../../Engine/Content/Tutorial/ContentIntroCurve.uasset" 274
"../../../Engine/Content/Tutorial/Basics/TutorialAssets/icon_tab_Levels_40x.uasset" 275
"../../../Engine/Content/VREditor/LaserPointer/VR_LaserPower_01.uasset" 276
"../../../Engine/Content/VREditor/TransformGizmo/TransformGizmoMaterial.uasset" 277
"../../../Engine/Content/VREditor/TransformGizmo/TranslucentTransformGizmoMaterial.uasset" 278
"../../../Engine/Content/VREditor/TransformGizmo/BoundingBoxCorner.uasset" 279
"../../../Engine/Content/VREditor/TransformGizmo/BoundingBoxEdge.uasset" 280
"../../../Engine/Content/VREditor/TransformGizmo/PlaneTranslationHandle.uasset" 281
"../../../Engine/Content/VREditor/TransformGizmo/Main.uasset" 282
"../../../Engine/Content/VREditor/TransformGizmo/Xray.uasset" 283
"../../../Engine/Content/VREditor/TransformGizmo/SM_Sequencer_Key.uasset" 284
"../../../Engine/Content/VREditor/TransformGizmo/SM_Sequencer_Node.uasset" 285
"../../../../StealthGame/Content/UI/FirstPersonCrosshair.uasset" 286
"../../Plugins/2D/Paper2D/Content/PlaceholderTextures/DummySpriteTexture.uasset" 287
"../../Plugins/2D/Paper2D/Content/DummySprite.uasset" 288
"../../Plugins/2D/Paper2D/Content/DefaultPaperTerrainMaterial.uasset" 289
"../../Plugins/2D/Paper2D/Content/DefaultSpriteMaterial.uasset" 290
"../../Plugins/2D/Paper2D/Content/MaskedUnlitSpriteMaterial.uasset" 291
"../../Plugins/2D/Paper2D/Content/OpaqueUnlitSpriteMaterial.uasset" 292
"../../Plugins/Runtime/Oculus/OculusVR/Content/Materials/PokeAHoleMaterial.uasset" 293
"../../Plugins/Runtime/Oculus/OculusVR/Content/Textures/GearVRController_AO.uasset" 294
"../../Plugins/Runtime/Oculus/OculusVR/Content/Textures/GearVRController_Color.uasset" 295
"../../Plugins/Runtime/Oculus/OculusVR/Content/Textures/GearVRController_Normal.uasset" 296
"../../Plugins/Runtime/Oculus/OculusVR/Content/Materials/GearVRControllerMaterial.uasset" 297
"../../Plugins/Runtime/Oculus/OculusVR/Content/Meshes/GearVrController.uasset" 298
"../../Plugins/Runtime/Oculus/OculusVR/Content/Textures/touchController_albedo.uasset" 299
"../../Plugins/Runtime/Oculus/OculusVR/Content/Textures/touchController_controlmap.uasset" 300
"../../Plugins/Runtime/Oculus/OculusVR/Content/Materials/touchController_mat.uasset" 301
"../../Plugins/Runtime/Oculus/OculusVR/Content/Meshes/LeftTouchController.uasset" 302
"../../Plugins/Runtime/Oculus/OculusVR/Content/Meshes/RiftHMD.uasset" 303
"../../Plugins/Runtime/Oculus/OculusVR/Content/Meshes/RightTouchController.uasset" 304
"../../../Engine/Content/Maps/Entry_BuiltData.uasset" 305
"../../../Engine/Content/Maps/Entry.umap" 306
"../../../../StealthGame/Content/Characters/DwarfGrunt/SkelMesh/DwarfGrunt_R_new_Skeleton.uasset" 307
"../../../../StealthGame/Content/Characters/DwarfGrunt/Anims/Idle_1_new.uasset" 308
"../../../../StealthGame/Content/Characters/DwarfGrunt/Textures/T_Dwarf_Grunt_Blue_D.uasset" 309
"../../../../StealthGame/Content/Characters/DwarfGrunt/Textures/T_Dwarf_Grunt_M.uasset" 310
"../../../../StealthGame/Content/Characters/DwarfGrunt/Textures/T_Dwarf_Grunt_N.uasset" 311
"../../../../StealthGame/Content/Characters/DwarfGrunt/Materials/M_Dwarf_Grunt.uasset" 312
"../../../../StealthGame/Content/Characters/DwarfGrunt/Textures/T_Dwarf_Grunt_Equipment_Blue_D.uasset" 313
"../../../../StealthGame/Content/Characters/DwarfGrunt/Textures/T_Dwarf_Grunt_Equipment_Blue_N.uasset" 314
"../../../../StealthGame/Content/Characters/DwarfGrunt/Textures/T_Dwarf_Grunt_Equipment_M.uasset" 315
"../../../../StealthGame/Content/Characters/DwarfGrunt/Materials/Dwarf_Grunt_Equipment_Blue_MIC.uasset" 316
"../../../../StealthGame/Content/Characters/DwarfGrunt/SkelMesh/DwarfGrunt_R_new.uasset" 317
"../../../../StealthGame/Content/Blueprints/BP_Guard.uasset" 318
"../../../../StealthGame/Content/Character/Mesh/SK_Mannequin_Arms_Skeleton.uasset" 319
"../../../../StealthGame/Content/Animations/FirstPerson_Idle.uasset" 320
"../../../../StealthGame/Content/Animations/FirstPerson_JumpEnd.uasset" 321
"../../../../StealthGame/Content/Animations/FirstPerson_JumpLoop.uasset" 322
"../../../../StealthGame/Content/Animations/FirstPerson_JumpStart.uasset" 323
"../../../../StealthGame/Content/Animations/FirstPerson_Run.uasset" 324
"../../../Engine/Content/EditorBlueprintResources/StandardMacros.uasset" 325
"../../../../StealthGame/Content/Animations/FirstPerson_AnimBP.uasset" 326
"../../../../StealthGame/Content/Animations/FirstPerson_Fire.uasset" 327
"../../../../StealthGame/Content/Weapon/M_Projectile.uasset" 328
"../../../../StealthGame/Content/Weapon/FirstPersonProjectileMesh.uasset" 329
"../../../../StealthGame/Content/Blueprints/BP_Projectile.uasset" 330
"../../../../StealthGame/Content/Audio/FirstPersonTemplateWeaponFire02.uasset" 331
"../../../../StealthGame/Content/Character/Textures/UE4_Mannequin__normals.uasset" 332
"../../../../StealthGame/Content/Character/Textures/UE4_Mannequin_MAT_MASKA.uasset" 333
"../../../../StealthGame/Content/Character/M_PlayerArms.uasset" 334
"../../../../StealthGame/Content/Character/Mesh/SK_Mannequin_Arms_PhysicsAsset.uasset" 335
"../../../../StealthGame/Content/Character/Mesh/SK_Mannequin_Arms.uasset" 336
"../../../../StealthGame/Content/Weapon/T_FPGun_M.uasset" 337
"../../../../StealthGame/Content/Weapon/T_FPGun_N.uasset" 338
"../../../../StealthGame/Content/Weapon/M_FPGun.uasset" 339
"../../../../StealthGame/Content/Weapon/SK_FPGun_Skeleton.uasset" 340
"../../../../StealthGame/Content/Weapon/SK_FPGun.uasset" 341
"../../../../StealthGame/Content/Blueprints/BP_Player.uasset" 342
"../../../Engine/Content/EditorResources/MatineeCam_D.uasset" 343
"../../../Engine/Content/EditorMaterials/MatineeCam_mat.uasset" 344
"../../../Engine/Content/EditorMeshes/MatineeCam_SM.uasset" 345
"../../../../StealthGame/Content/Blueprints/BP_CompleteMissionView.uasset" 346
"../../../Engine/Content/Functions/Engine_MaterialFunctions02/Texturing/CustomRotator.uasset" 347
"../../../../StealthGame/Content/Materials/T_DevPatterns.uasset" 348
"../../../../StealthGame/Content/Materials/SpawnBox_M.uasset" 349
"../../../../StealthGame/Content/Materials/SpawnBox_M_Inst.uasset" 350
"../../../Engine/Content/EditorSounds/Notifications/CompileFailed.uasset" 351
"../../../Engine/Content/EditorSounds/Notifications/CompileFailed_Cue.uasset" 352
"../../../../StealthGame/Content/Blueprints/BP_ExtractionZone.uasset" 353
"../../../../StealthGame/Content/UI/BP_ObjectiveInfo.uasset" 354
"../../../../StealthGame/Content/Blueprints/BP_HUD.uasset" 355
"../../../../StealthGame/Content/UI/BP_Gameover.uasset" 356
"../../../../StealthGame/Content/Blueprints/BP_Gamemode.uasset" 357
"../../../../StealthGame/Content/Effects/Textures/T_Burst_M.uasset" 358
"../../../../StealthGame/Content/Effects/Materials/M_Burst.uasset" 359
"../../../../StealthGame/Content/Effects/Textures/T_Explosion_SubUV.uasset" 360
"../../../../StealthGame/Content/Effects/Materials/M_explosion_subUV.uasset" 361
"../../../../StealthGame/Content/Effects/Materials/m_flare_01.uasset" 362
"../../../Engine/Content/Functions/Engine_MaterialFunctions01/Gradient/RadialGradient.uasset" 363
"../../../../StealthGame/Content/Effects/Materials/M_radial_ramp.uasset" 364
"../../../../StealthGame/Content/Effects/Textures/T_Smoke_SubUV.uasset" 365
"../../../../StealthGame/Content/Effects/Textures/T_Smoke_Tiled_D.uasset" 366
"../../../../StealthGame/Content/Effects/Materials/M_smoke_subUV.uasset" 367
"../../../../StealthGame/Content/Effects/P_Explosion.uasset" 368
"../../../../StealthGame/Content/Blueprints/BP_Obj.uasset" 369
"../../../../StealthGame/Content/Maps/FirstPersonExampleMap_BuiltData.uasset" 370
"../../../Engine/Content/VREditor/UI/ArrowMaterial.uasset" 371
"../../../../StealthGame/Content/Environment/AntiAliasedTextMaterialTranslucent_Glow.uasset" 372
"../../../Engine/Content/EngineMaterials/T_Default_MacroVariation.uasset" 373
"../../../../StealthGame/Content/Environment/M_Cube.uasset" 374
"../../../../StealthGame/Content/Environment/M_Cube_Inst.uasset" 375
"../../../../StealthGame/Content/Environment/MF_WorldUVs.uasset" 376
"../../../Engine/Content/VREditor/BasicMeshes/T_CleanFloorGrunge_01_D.uasset" 377
"../../../../StealthGame/Content/Environment/M_BlockoutSimple.uasset" 378
"../../../../StealthGame/Content/Environment/MI_BlockoutSimple_Inst.uasset" 379
"../../../Engine/Content/EditorMeshes/ArcadeEditorSphere.uasset" 380
"../../../../StealthGame/Content/Environment/Shape_Cube.uasset" 381
"../../../../StealthGame/Content/Maps/FirstPersonExampleMap.umap" 382
